<?xml version="1.0" encoding="UTF-8"?><testsuite errors="1" failures="0" name="Check jobd offers" skipped="0" tests="1" time="19.03" timestamp="2022-05-24 03:49:13"><testcase name="Check available job offers"><error message="element click intercepted: Element &lt;a class=&quot;mega-menu-link&quot; href=&quot;https://www.sophossolutions.com/trabaja-con-nosotros/&quot; tabindex=&quot;0&quot;&gt;...&lt;/a&gt; is not clickable at point (1176, 50). Other element would receive the click: &lt;div class=&quot;sgpb-theme-2-overlay sgpb-popup-overlay-5998 sgpb-popup-overlay&quot; style=&quot;z-index: 9999; background-color: rgb(255, 255, 255); opacity: 0.79; position: fixed; left: 0px; top: 0px; width: 100%; height: 100%;&quot;&gt;&lt;/div&gt;&#10;  (Session info: chrome=102.0.5005.63)&#10;Build info: version: '3.141.59', revision: 'e82be7d358', time: '2018-11-14T08:17:03'&#10;System info: host: 'CHMEPPF0HFPV2', ip: '192.168.1.8', os.name: 'Windows 10', os.arch: 'amd64', os.version: '10.0', java.version: '1.8.0_131'&#10;Driver info: org.openqa.selenium.chrome.ChromeDriver&#10;Capabilities {acceptInsecureCerts: false, browserName: chrome, browserVersion: 102.0.5005.63, chrome: {chromedriverVersion: 102.0.5005.27 (df4a85108ffa..., userDataDir: C:\Users\CHERNA~1\AppData\L...}, goog:chromeOptions: {debuggerAddress: localhost:63797}, javascriptEnabled: true, networkConnectionEnabled: false, pageLoadStrategy: normal, platform: WINDOWS, platformName: WINDOWS, proxy: Proxy(), setWindowRect: true, strictFileInteractability: false, timeouts: {implicit: 0, pageLoad: 300000, script: 30000}, unhandledPromptBehavior: dismiss and notify, webauthn:extension:credBlob: true, webauthn:extension:largeBlob: true, webauthn:virtualAuthenticators: true}&#10;Session ID: ebe1943f68244f9e744370ea04eea273" type="org.openqa.selenium.ElementClickInterceptedException">element click intercepted: Element &lt;a class="mega-menu-link" href="https://www.sophossolutions.com/trabaja-con-nosotros/" tabindex="0"&gt;...&lt;/a&gt; is not clickable at point (1176, 50). Other element would receive the click: &lt;div class="sgpb-theme-2-overlay sgpb-popup-overlay-5998 sgpb-popup-overlay" style="z-index: 9999; background-color: rgb(255, 255, 255); opacity: 0.79; position: fixed; left: 0px; top: 0px; width: 100%; height: 100%;"&gt;&lt;/div&gt;
  (Session info: chrome=102.0.5005.63)
Build info: version: '3.141.59', revision: 'e82be7d358', time: '2018-11-14T08:17:03'
System info: host: 'CHMEPPF0HFPV2', ip: '192.168.1.8', os.name: 'Windows 10', os.arch: 'amd64', os.version: '10.0', java.version: '1.8.0_131'
Driver info: org.openqa.selenium.chrome.ChromeDriver
Capabilities {acceptInsecureCerts: false, browserName: chrome, browserVersion: 102.0.5005.63, chrome: {chromedriverVersion: 102.0.5005.27 (df4a85108ffa..., userDataDir: C:\Users\CHERNA~1\AppData\L...}, goog:chromeOptions: {debuggerAddress: localhost:63797}, javascriptEnabled: true, networkConnectionEnabled: false, pageLoadStrategy: normal, platform: WINDOWS, platformName: WINDOWS, proxy: Proxy(), setWindowRect: true, strictFileInteractability: false, timeouts: {implicit: 0, pageLoad: 300000, script: 30000}, unhandledPromptBehavior: dismiss and notify, webauthn:extension:credBlob: true, webauthn:extension:largeBlob: true, webauthn:virtualAuthenticators: true}
Session ID: ebe1943f68244f9e744370ea04eea273</error><system-err>element click intercepted: Element &lt;a class="mega-menu-link" href="https://www.sophossolutions.com/trabaja-con-nosotros/" tabindex="0"&gt;...&lt;/a&gt; is not clickable at point (1176, 50). Other element would receive the click: &lt;div class="sgpb-theme-2-overlay sgpb-popup-overlay-5998 sgpb-popup-overlay" style="z-index: 9999; background-color: rgb(255, 255, 255); opacity: 0.79; position: fixed; left: 0px; top: 0px; width: 100%; height: 100%;"&gt;&lt;/div&gt;
  (Session info: chrome=102.0.5005.63)
Build info: version: '3.141.59', revision: 'e82be7d358', time: '2018-11-14T08:17:03'
System info: host: 'CHMEPPF0HFPV2', ip: '192.168.1.8', os.name: 'Windows 10', os.arch: 'amd64', os.version: '10.0', java.version: '1.8.0_131'
Driver info: org.openqa.selenium.chrome.ChromeDriver
Capabilities {acceptInsecureCerts: false, browserName: chrome, browserVersion: 102.0.5005.63, chrome: {chromedriverVersion: 102.0.5005.27 (df4a85108ffa..., userDataDir: C:\Users\CHERNA~1\AppData\L...}, goog:chromeOptions: {debuggerAddress: localhost:63797}, javascriptEnabled: true, networkConnectionEnabled: false, pageLoadStrategy: normal, platform: WINDOWS, platformName: WINDOWS, proxy: Proxy(), setWindowRect: true, strictFileInteractability: false, timeouts: {implicit: 0, pageLoad: 300000, script: 30000}, unhandledPromptBehavior: dismiss and notify, webauthn:extension:credBlob: true, webauthn:extension:largeBlob: true, webauthn:virtualAuthenticators: true}
Session ID: ebe1943f68244f9e744370ea04eea273&#13;
co.com.sophos.automatizacion.prueba.tasks.ClickOnTheSection.performAs(ClickOnTheSection.java:14)&#13;
co.com.sophos.automatizacion.prueba.stepdefinitions.PruebaStepDefinitions.theUserEntersTheTrabajeConNosotrosSection(PruebaStepDefinitions.java:29)&#13;
cucumber.runner.Runner.runPickle(Runner.java:80)&#13;
</system-err></testcase></testsuite>